<?xml version="1.0" encoding="UTF-8"?>
<!-- Generated by org.testng.reporters.JUnitXMLReporter -->
<testsuite hostname="vebbler-10" ignored="0" name="Default test" tests="5" failures="0" timestamp="2020-07-06T17:03:34 IST" time="0.218" errors="0">
  <testcase name="@BeforeMethod setUp" time="0.01" classname="com.vebbler.qa.testcases.loginTest">
    <failure type="java.lang.NullPointerException">
      <![CDATA[java.lang.NullPointerException
at com.vebbler.qa.base.TestBase.initializer(TestBase.java:39)
at com.vebbler.qa.testcases.loginTest.setUp(loginTest.java:22)
at sun.reflect.NativeMethodAccessorImpl.invoke0(Native Method)
at sun.reflect.NativeMethodAccessorImpl.invoke(Unknown Source)
at sun.reflect.DelegatingMethodAccessorImpl.invoke(Unknown Source)
at java.lang.reflect.Method.invoke(Unknown Source)
at org.testng.internal.MethodInvocationHelper.invokeMethod(MethodInvocationHelper.java:135)
at org.testng.internal.MethodInvocationHelper.invokeMethodConsideringTimeout(MethodInvocationHelper.java:64)
at org.testng.internal.ConfigInvoker.invokeConfigurationMethod(ConfigInvoker.java:364)
at org.testng.internal.ConfigInvoker.invokeConfigurations(ConfigInvoker.java:318)
at org.testng.internal.TestInvoker.runConfigMethods(TestInvoker.java:700)
at org.testng.internal.TestInvoker.invokeMethod(TestInvoker.java:527)
at org.testng.internal.TestInvoker.invokeTestMethod(TestInvoker.java:174)
at org.testng.internal.MethodRunner.runInSequence(MethodRunner.java:46)
at org.testng.internal.TestInvoker$MethodInvocationAgent.invoke(TestInvoker.java:821)
at org.testng.internal.TestInvoker.invokeTestMethods(TestInvoker.java:147)
at org.testng.internal.TestMethodWorker.invokeTestMethods(TestMethodWorker.java:146)
at org.testng.internal.TestMethodWorker.run(TestMethodWorker.java:128)
at java.util.ArrayList.forEach(Unknown Source)
at org.testng.TestRunner.privateRun(TestRunner.java:767)
at org.testng.TestRunner.run(TestRunner.java:588)
at org.testng.SuiteRunner.runTest(SuiteRunner.java:384)
at org.testng.SuiteRunner.runSequentially(SuiteRunner.java:378)
at org.testng.SuiteRunner.privateRun(SuiteRunner.java:337)
at org.testng.SuiteRunner.run(SuiteRunner.java:286)
at org.testng.SuiteRunnerWorker.runSuite(SuiteRunnerWorker.java:53)
at org.testng.SuiteRunnerWorker.run(SuiteRunnerWorker.java:96)
at org.testng.TestNG.runSuitesSequentially(TestNG.java:1214)
at org.testng.TestNG.runSuitesLocally(TestNG.java:1136)
at org.testng.TestNG.runSuites(TestNG.java:1066)
at org.testng.TestNG.run(TestNG.java:1034)
at org.testng.remote.AbstractRemoteTestNG.run(AbstractRemoteTestNG.java:115)
at org.testng.remote.RemoteTestNG.initAndRun(RemoteTestNG.java:251)
at org.testng.remote.RemoteTestNG.main(RemoteTestNG.java:77)
]]>
    </failure>
  </testcase> <!-- @BeforeMethod setUp -->
  <testcase name="@AfterMethod tearDown" time="-1.594035214124E9" classname="com.vebbler.qa.testcases.loginTest">
    <skipped/>
  </testcase> <!-- @AfterMethod tearDown -->
  <testcase name="@BeforeMethod setUp" time="-1.594035214131E9" classname="com.vebbler.qa.testcases.loginTest">
    <skipped/>
  </testcase> <!-- @BeforeMethod setUp -->
  <testcase name="@AfterMethod tearDown" time="-1.594035214144E9" classname="com.vebbler.qa.testcases.loginTest">
    <skipped/>
  </testcase> <!-- @AfterMethod tearDown -->
  <testcase name="@BeforeMethod setUp" time="-1.594035214148E9" classname="com.vebbler.qa.testcases.loginTest">
    <skipped/>
  </testcase> <!-- @BeforeMethod setUp -->
  <testcase name="@AfterMethod tearDown" time="-1.594035214156E9" classname="com.vebbler.qa.testcases.loginTest">
    <skipped/>
  </testcase> <!-- @AfterMethod tearDown -->
  <testcase name="@BeforeMethod setUp" time="-1.594035214161E9" classname="com.vebbler.qa.testcases.loginTest">
    <skipped/>
  </testcase> <!-- @BeforeMethod setUp -->
  <testcase name="@AfterMethod tearDown" time="-1.594035214168E9" classname="com.vebbler.qa.testcases.loginTest">
    <skipped/>
  </testcase> <!-- @AfterMethod tearDown -->
  <testcase name="@BeforeMethod setUp" time="-1.594035214174E9" classname="com.vebbler.qa.testcases.loginTest">
    <skipped/>
  </testcase> <!-- @BeforeMethod setUp -->
  <testcase name="@AfterMethod tearDown" time="-1.594035214186E9" classname="com.vebbler.qa.testcases.loginTest">
    <skipped/>
  </testcase> <!-- @AfterMethod tearDown -->
  <testcase name="LoginbarTest" time="0.0" classname="com.vebbler.qa.testcases.loginTest">
    <skipped/>
  </testcase> <!-- LoginbarTest -->
  <testcase name="EmailLoginTest" time="0.0" classname="com.vebbler.qa.testcases.loginTest">
    <skipped/>
  </testcase> <!-- EmailLoginTest -->
  <testcase name="Titletest" time="0.0" classname="com.vebbler.qa.testcases.loginTest">
    <skipped/>
  </testcase> <!-- Titletest -->
  <testcase name="vebblerLogoTest" time="0.0" classname="com.vebbler.qa.testcases.loginTest">
    <skipped/>
  </testcase> <!-- vebblerLogoTest -->
  <testcase name="loginPageTest" time="0.0" classname="com.vebbler.qa.testcases.loginTest">
    <skipped/>
  </testcase> <!-- loginPageTest -->
</testsuite> <!-- Default test -->
